[1024/114845.253:ERROR:process_memory_win.cc(73)] ReadMemory at 0x29110ac45a0 of 72 bytes failed: Only part of a ReadProcessMemory or WriteProcessMemory request was completed. (0x12B)
[1024/114845.381:WARNING:pe_image_annotations_reader.cc(134)] could not read annotations list object in C:\Program Files (x86)\Google\Chrome\Application\77.0.3865.120\chrome_elf.dll
[1024/114845.381:ERROR:process_memory_win.cc(73)] ReadMemory at 0x29110cd87e0 of 72 bytes failed: Only part of a ReadProcessMemory or WriteProcessMemory request was completed. (0x12B)
[1024/114845.381:WARNING:pe_image_annotations_reader.cc(134)] could not read annotations list object in C:\Program Files (x86)\Google\Chrome\Application\77.0.3865.120\chrome_child.dll
[1024/114845.383:ERROR:process_memory_win.cc(73)] ReadMemory at 0x291106c0000 of 64 bytes failed: Only part of a ReadProcessMemory or WriteProcessMemory request was completed. (0x12B)
[1024/114845.383:WARNING:pe_image_reader.cc(340)] could not read dos header from C:\WINDOWS\System32\NSI.dll
[1024/114845.384:ERROR:process_memory_win.cc(73)] ReadMemory at 0x29110ac45a0 of 72 bytes failed: Only part of a ReadProcessMemory or WriteProcessMemory request was completed. (0x12B)
[1024/114845.384:WARNING:pe_image_annotations_reader.cc(134)] could not read annotations list object in C:\Program Files (x86)\Google\Chrome\Application\77.0.3865.120\chrome_elf.dll
[1024/114845.384:ERROR:process_memory_win.cc(73)] ReadMemory at 0x29110cd87e0 of 72 bytes failed: Only part of a ReadProcessMemory or WriteProcessMemory request was completed. (0x12B)
[1024/114845.385:WARNING:pe_image_annotations_reader.cc(134)] could not read annotations list object in C:\Program Files (x86)\Google\Chrome\Application\77.0.3865.120\chrome_child.dll
[1024/114845.386:ERROR:process_memory_win.cc(73)] ReadMemory at 0x291106c0000 of 64 bytes failed: Only part of a ReadProcessMemory or WriteProcessMemory request was completed. (0x12B)
[1024/114845.386:WARNING:pe_image_reader.cc(340)] could not read dos header from C:\WINDOWS\System32\NSI.dll
[1024/114845.470:ERROR:process_memory_win.cc(73)] ReadMemory at 0xeadd1d3000 of 184320 bytes failed: Only part of a ReadProcessMemory or WriteProcessMemory request was completed. (0x12B)
[1024/114845.535:ERROR:process_memory_win.cc(73)] ReadMemory at 0xeadd9fd000 of 12288 bytes failed: Only part of a ReadProcessMemory or WriteProcessMemory request was completed. (0x12B)
[1024/114845.535:ERROR:process_memory_win.cc(73)] ReadMemory at 0xeade9fd000 of 12288 bytes failed: Only part of a ReadProcessMemory or WriteProcessMemory request was completed. (0x12B)
[1024/114845.536:ERROR:process_memory_win.cc(73)] ReadMemory at 0xeadf1fc000 of 16384 bytes failed: Only part of a ReadProcessMemory or WriteProcessMemory request was completed. (0x12B)
[1024/114845.536:ERROR:process_memory_win.cc(73)] ReadMemory at 0xeadf9fe000 of 8192 bytes failed: Only part of a ReadProcessMemory or WriteProcessMemory request was completed. (0x12B)
[1024/114845.536:ERROR:process_memory_win.cc(73)] ReadMemory at 0xeae01fd000 of 12288 bytes failed: Only part of a ReadProcessMemory or WriteProcessMemory request was completed. (0x12B)
[1024/114845.536:ERROR:process_memory_win.cc(73)] ReadMemory at 0xeae09fb000 of 20480 bytes failed: Only part of a ReadProcessMemory or WriteProcessMemory request was completed. (0x12B)
[1024/114845.536:ERROR:process_memory_win.cc(73)] ReadMemory at 0xeae11f3000 of 53248 bytes failed: Only part of a ReadProcessMemory or WriteProcessMemory request was completed. (0x12B)
[1024/114845.536:ERROR:process_memory_win.cc(73)] ReadMemory at 0xeae19fd000 of 12288 bytes failed: Only part of a ReadProcessMemory or WriteProcessMemory request was completed. (0x12B)
[1024/114845.537:ERROR:process_memory_win.cc(73)] ReadMemory at 0xeae21fb000 of 20480 bytes failed: Only part of a ReadProcessMemory or WriteProcessMemory request was completed. (0x12B)
[1024/114845.537:ERROR:process_memory_win.cc(73)] ReadMemory at 0xeae41fb000 of 20480 bytes failed: Only part of a ReadProcessMemory or WriteProcessMemory request was completed. (0x12B)
[1024/114845.537:ERROR:process_memory_win.cc(73)] ReadMemory at 0xeae49fd000 of 12288 bytes failed: Only part of a ReadProcessMemory or WriteProcessMemory request was completed. (0x12B)
[1024/114845.537:ERROR:process_memory_win.cc(73)] ReadMemory at 0xeae29fb000 of 20480 bytes failed: Only part of a ReadProcessMemory or WriteProcessMemory request was completed. (0x12B)
[1024/114845.537:ERROR:process_memory_win.cc(73)] ReadMemory at 0xeae61fc000 of 16384 bytes failed: Only part of a ReadProcessMemory or WriteProcessMemory request was completed. (0x12B)
[1024/114845.537:ERROR:process_memory_win.cc(73)] ReadMemory at 0xeae59f7000 of 36864 bytes failed: Only part of a ReadProcessMemory or WriteProcessMemory request was completed. (0x12B)
[1024/114845.538:ERROR:process_memory_win.cc(73)] ReadMemory at 0xeae51f3000 of 53248 bytes failed: Only part of a ReadProcessMemory or WriteProcessMemory request was completed. (0x12B)
[1024/114845.538:ERROR:process_memory_win.cc(73)] ReadMemory at 0xeae39fd000 of 12288 bytes failed: Only part of a ReadProcessMemory or WriteProcessMemory request was completed. (0x12B)
[1024/114845.538:ERROR:process_memory_win.cc(73)] ReadMemory at 0xeade1fe000 of 8192 bytes failed: Only part of a ReadProcessMemory or WriteProcessMemory request was completed. (0x12B)
[1024/114845.538:ERROR:process_memory_win.cc(73)] ReadMemory at 0xeadc8b6000 of 6024 bytes failed: Only part of a ReadProcessMemory or WriteProcessMemory request was completed. (0x12B)
[1024/114845.538:ERROR:process_memory_win.cc(73)] ReadMemory at 0xeadc912000 of 6024 bytes failed: Only part of a ReadProcessMemory or WriteProcessMemory request was completed. (0x12B)
[1024/114845.539:ERROR:process_memory_win.cc(73)] ReadMemory at 0xeadc91e000 of 6024 bytes failed: Only part of a ReadProcessMemory or WriteProcessMemory request was completed. (0x12B)
[1024/114845.539:ERROR:process_memory_win.cc(73)] ReadMemory at 0xeadc9aa000 of 852 bytes failed: Only part of a ReadProcessMemory or WriteProcessMemory request was completed. (0x12B)
[1024/114845.539:ERROR:process_memory_win.cc(73)] ReadMemory at 0xeadc9ab000 of 6024 bytes failed: Only part of a ReadProcessMemory or WriteProcessMemory request was completed. (0x12B)
[1024/114845.539:ERROR:process_memory_win.cc(73)] ReadMemory at 0xeadc9ad000 of 6024 bytes failed: Only part of a ReadProcessMemory or WriteProcessMemory request was completed. (0x12B)
[1024/114845.539:ERROR:process_memory_win.cc(73)] ReadMemory at 0xeadc9b1000 of 6024 bytes failed: Only part of a ReadProcessMemory or WriteProcessMemory request was completed. (0x12B)
[1024/114845.539:ERROR:process_memory_win.cc(73)] ReadMemory at 0xeadc9b3000 of 6024 bytes failed: Only part of a ReadProcessMemory or WriteProcessMemory request was completed. (0x12B)
[1024/114845.539:ERROR:process_memory_win.cc(73)] ReadMemory at 0xeadc9b5000 of 6024 bytes failed: Only part of a ReadProcessMemory or WriteProcessMemory request was completed. (0x12B)
[1024/114845.539:ERROR:process_memory_win.cc(73)] ReadMemory at 0xeadc9b7000 of 6024 bytes failed: Only part of a ReadProcessMemory or WriteProcessMemory request was completed. (0x12B)
[1024/114845.540:ERROR:process_memory_win.cc(73)] ReadMemory at 0xeadc9b9000 of 6024 bytes failed: Only part of a ReadProcessMemory or WriteProcessMemory request was completed. (0x12B)
[1024/114845.540:ERROR:process_memory_win.cc(73)] ReadMemory at 0xeadc9bb000 of 6024 bytes failed: Only part of a ReadProcessMemory or WriteProcessMemory request was completed. (0x12B)
[1024/114845.540:ERROR:process_memory_win.cc(73)] ReadMemory at 0xeadc9bd000 of 6024 bytes failed: Only part of a ReadProcessMemory or WriteProcessMemory request was completed. (0x12B)
[1024/114845.540:ERROR:process_memory_win.cc(73)] ReadMemory at 0xeadc9c9000 of 6024 bytes failed: Only part of a ReadProcessMemory or WriteProcessMemory request was completed. (0x12B)
[1024/114845.540:ERROR:process_memory_win.cc(73)] ReadMemory at 0xeadc9cb000 of 6024 bytes failed: Only part of a ReadProcessMemory or WriteProcessMemory request was completed. (0x12B)
[1024/114845.540:ERROR:process_memory_win.cc(73)] ReadMemory at 0xeadc9cd000 of 6024 bytes failed: Only part of a ReadProcessMemory or WriteProcessMemory request was completed. (0x12B)
[1024/114845.540:ERROR:process_memory_win.cc(73)] ReadMemory at 0xeadc9d1000 of 6024 bytes failed: Only part of a ReadProcessMemory or WriteProcessMemory request was completed. (0x12B)
[1024/114845.541:ERROR:process_memory_win.cc(73)] ReadMemory at 0xeadc9e7000 of 6024 bytes failed: Only part of a ReadProcessMemory or WriteProcessMemory request was completed. (0x12B)
[1024/114845.541:ERROR:process_memory_win.cc(73)] ReadMemory at 0xeadc9f7000 of 6024 bytes failed: Only part of a ReadProcessMemory or WriteProcessMemory request was completed. (0x12B)
[1024/114845.541:ERROR:process_memory_win.cc(73)] ReadMemory at 0x29110700fe0 of 15846 bytes failed: Only part of a ReadProcessMemory or WriteProcessMemory request was completed. (0x12B)
[1024/114845.541:ERROR:process_memory_win.cc(73)] ReadMemory at 0x29110704dd0 of 1012 bytes failed: Only part of a ReadProcessMemory or WriteProcessMemory request was completed. (0x12B)
[1024/114845.541:ERROR:process_memory_win.cc(73)] ReadMemory at 0x29110705418 of 118 bytes failed: Only part of a ReadProcessMemory or WriteProcessMemory request was completed. (0x12B)
[1024/114845.541:ERROR:process_memory_win.cc(73)] ReadMemory at 0x29110705490 of 788 bytes failed: Only part of a ReadProcessMemory or WriteProcessMemory request was completed. (0x12B)
[1024/114845.542:ERROR:process_memory_win.cc(73)] ReadMemory at 0x291107057a6 of 118 bytes failed: Only part of a ReadProcessMemory or WriteProcessMemory request was completed. (0x12B)
[1024/114845.542:ERROR:process_memory_win.cc(73)] ReadMemory at 0x2911070581e of 96 bytes failed: Only part of a ReadProcessMemory or WriteProcessMemory request was completed. (0x12B)
[1024/114845.542:ERROR:process_memory_win.cc(73)] ReadMemory at 0x29110705890 of 58 bytes failed: Only part of a ReadProcessMemory or WriteProcessMemory request was completed. (0x12B)
[1024/114845.542:ERROR:process_memory_win.cc(73)] ReadMemory at 0x29110705990 of 132 bytes failed: Only part of a ReadProcessMemory or WriteProcessMemory request was completed. (0x12B)
[1024/114845.542:ERROR:process_memory_win.cc(73)] ReadMemory at 0x29110705b20 of 132 bytes failed: Only part of a ReadProcessMemory or WriteProcessMemory request was completed. (0x12B)
[1024/114845.542:ERROR:process_memory_win.cc(73)] ReadMemory at 0x29110705ce0 of 126 bytes failed: Only part of a ReadProcessMemory or WriteProcessMemory request was completed. (0x12B)
[1024/114845.542:ERROR:process_memory_win.cc(73)] ReadMemory at 0x29110705fd0 of 132 bytes failed: Only part of a ReadProcessMemory or WriteProcessMemory request was completed. (0x12B)
[1024/114845.542:ERROR:process_memory_win.cc(73)] ReadMemory at 0x291107068c0 of 132 bytes failed: Only part of a ReadProcessMemory or WriteProcessMemory request was completed. (0x12B)
[1024/114845.542:ERROR:process_memory_win.cc(73)] ReadMemory at 0x29110706a50 of 64 bytes failed: Only part of a ReadProcessMemory or WriteProcessMemory request was completed. (0x12B)
[1024/114845.543:ERROR:process_memory_win.cc(73)] ReadMemory at 0x29110706ba0 of 132 bytes failed: Only part of a ReadProcessMemory or WriteProcessMemory request was completed. (0x12B)
[1024/114845.543:ERROR:process_memory_win.cc(73)] ReadMemory at 0x29110706eb0 of 132 bytes failed: Only part of a ReadProcessMemory or WriteProcessMemory request was completed. (0x12B)
[1024/114845.543:ERROR:process_memory_win.cc(73)] ReadMemory at 0x29110707040 of 68 bytes failed: Only part of a ReadProcessMemory or WriteProcessMemory request was completed. (0x12B)
[1024/114845.543:ERROR:process_memory_win.cc(73)] ReadMemory at 0x2911070e5e0 of 132 bytes failed: Only part of a ReadProcessMemory or WriteProcessMemory request was completed. (0x12B)
[1024/114845.543:ERROR:process_memory_win.cc(73)] ReadMemory at 0x2911070e710 of 154 bytes failed: Only part of a ReadProcessMemory or WriteProcessMemory request was completed. (0x12B)
[1024/114845.543:ERROR:process_memory_win.cc(73)] ReadMemory at 0x2911070f140 of 132 bytes failed: Only part of a ReadProcessMemory or WriteProcessMemory request was completed. (0x12B)
[1024/114845.543:ERROR:process_memory_win.cc(73)] ReadMemory at 0x2911070f350 of 132 bytes failed: Only part of a ReadProcessMemory or WriteProcessMemory request was completed. (0x12B)
[1024/114845.543:ERROR:process_memory_win.cc(73)] ReadMemory at 0x2911070f650 of 132 bytes failed: Only part of a ReadProcessMemory or WriteProcessMemory request was completed. (0x12B)
[1024/114845.544:ERROR:process_memory_win.cc(73)] ReadMemory at 0x29110710390 of 132 bytes failed: Only part of a ReadProcessMemory or WriteProcessMemory request was completed. (0x12B)
[1024/114845.544:ERROR:process_memory_win.cc(73)] ReadMemory at 0x29110712850 of 60 bytes failed: Only part of a ReadProcessMemory or WriteProcessMemory request was completed. (0x12B)
[1024/114845.544:ERROR:process_memory_win.cc(73)] ReadMemory at 0x291107128a0 of 62 bytes failed: Only part of a ReadProcessMemory or WriteProcessMemory request was completed. (0x12B)
[1024/114845.544:ERROR:process_memory_win.cc(73)] ReadMemory at 0x29110712bc0 of 60 bytes failed: Only part of a ReadProcessMemory or WriteProcessMemory request was completed. (0x12B)
[1024/114845.544:ERROR:process_memory_win.cc(73)] ReadMemory at 0x29110712cb0 of 62 bytes failed: Only part of a ReadProcessMemory or WriteProcessMemory request was completed. (0x12B)
[1024/114845.544:ERROR:process_memory_win.cc(73)] ReadMemory at 0x29110712f30 of 62 bytes failed: Only part of a ReadProcessMemory or WriteProcessMemory request was completed. (0x12B)
[1024/114845.544:ERROR:process_memory_win.cc(73)] ReadMemory at 0x29110713d90 of 80 bytes failed: Only part of a ReadProcessMemory or WriteProcessMemory request was completed. (0x12B)
[1024/114845.544:ERROR:process_memory_win.cc(73)] ReadMemory at 0x29110714410 of 132 bytes failed: Only part of a ReadProcessMemory or WriteProcessMemory request was completed. (0x12B)
[1024/114845.544:ERROR:process_memory_win.cc(73)] ReadMemory at 0x29110714770 of 132 bytes failed: Only part of a ReadProcessMemory or WriteProcessMemory request was completed. (0x12B)
[1024/114845.545:ERROR:process_memory_win.cc(73)] ReadMemory at 0x291107149c0 of 132 bytes failed: Only part of a ReadProcessMemory or WriteProcessMemory request was completed. (0x12B)
[1024/114845.545:ERROR:process_memory_win.cc(73)] ReadMemory at 0x29110715160 of 132 bytes failed: Only part of a ReadProcessMemory or WriteProcessMemory request was completed. (0x12B)
[1024/114845.545:ERROR:process_memory_win.cc(73)] ReadMemory at 0x29110715290 of 132 bytes failed: Only part of a ReadProcessMemory or WriteProcessMemory request was completed. (0x12B)
[1024/114845.545:ERROR:process_memory_win.cc(73)] ReadMemory at 0x291107153c0 of 132 bytes failed: Only part of a ReadProcessMemory or WriteProcessMemory request was completed. (0x12B)
[1024/114845.545:ERROR:process_memory_win.cc(73)] ReadMemory at 0x291107154f0 of 132 bytes failed: Only part of a ReadProcessMemory or WriteProcessMemory request was completed. (0x12B)
[1024/114845.545:ERROR:process_memory_win.cc(73)] ReadMemory at 0x291107159b0 of 132 bytes failed: Only part of a ReadProcessMemory or WriteProcessMemory request was completed. (0x12B)
[1024/114845.545:ERROR:process_memory_win.cc(73)] ReadMemory at 0x29110715c10 of 132 bytes failed: Only part of a ReadProcessMemory or WriteProcessMemory request was completed. (0x12B)
[1024/114845.545:ERROR:process_memory_win.cc(73)] ReadMemory at 0x29110715fa0 of 132 bytes failed: Only part of a ReadProcessMemory or WriteProcessMemory request was completed. (0x12B)
[1024/114845.545:ERROR:process_memory_win.cc(73)] ReadMemory at 0x29110716200 of 132 bytes failed: Only part of a ReadProcessMemory or WriteProcessMemory request was completed. (0x12B)
[1024/114845.546:ERROR:process_memory_win.cc(73)] ReadMemory at 0x29110716330 of 132 bytes failed: Only part of a ReadProcessMemory or WriteProcessMemory request was completed. (0x12B)
[1024/114845.546:ERROR:process_memory_win.cc(73)] ReadMemory at 0x29110716590 of 132 bytes failed: Only part of a ReadProcessMemory or WriteProcessMemory request was completed. (0x12B)
[1024/114845.546:ERROR:process_memory_win.cc(73)] ReadMemory at 0x291107166c0 of 132 bytes failed: Only part of a ReadProcessMemory or WriteProcessMemory request was completed. (0x12B)
[1024/114845.546:ERROR:process_memory_win.cc(73)] ReadMemory at 0x291107167f0 of 132 bytes failed: Only part of a ReadProcessMemory or WriteProcessMemory request was completed. (0x12B)
[1024/114845.546:ERROR:process_memory_win.cc(73)] ReadMemory at 0x29110716920 of 132 bytes failed: Only part of a ReadProcessMemory or WriteProcessMemory request was completed. (0x12B)
[1024/114845.546:ERROR:process_memory_win.cc(73)] ReadMemory at 0x29110716a50 of 132 bytes failed: Only part of a ReadProcessMemory or WriteProcessMemory request was completed. (0x12B)
[1024/114845.546:ERROR:process_memory_win.cc(73)] ReadMemory at 0x29110716b80 of 132 bytes failed: Only part of a ReadProcessMemory or WriteProcessMemory request was completed. (0x12B)
[1024/114845.547:ERROR:process_memory_win.cc(73)] ReadMemory at 0x29110716de0 of 132 bytes failed: Only part of a ReadProcessMemory or WriteProcessMemory request was completed. (0x12B)
[1024/114845.547:ERROR:process_memory_win.cc(73)] ReadMemory at 0x29110716f10 of 132 bytes failed: Only part of a ReadProcessMemory or WriteProcessMemory request was completed. (0x12B)
[1024/114845.547:ERROR:process_memory_win.cc(73)] ReadMemory at 0x29110718310 of 64 bytes failed: Only part of a ReadProcessMemory or WriteProcessMemory request was completed. (0x12B)
[1024/114845.547:ERROR:process_memory_win.cc(73)] ReadMemory at 0x29110718360 of 60 bytes failed: Only part of a ReadProcessMemory or WriteProcessMemory request was completed. (0x12B)
[1024/114845.547:ERROR:process_memory_win.cc(73)] ReadMemory at 0x291107183b0 of 64 bytes failed: Only part of a ReadProcessMemory or WriteProcessMemory request was completed. (0x12B)
[1024/114845.547:ERROR:process_memory_win.cc(73)] ReadMemory at 0x29110718450 of 60 bytes failed: Only part of a ReadProcessMemory or WriteProcessMemory request was completed. (0x12B)
[1024/114845.547:ERROR:process_memory_win.cc(73)] ReadMemory at 0x291107184a0 of 64 bytes failed: Only part of a ReadProcessMemory or WriteProcessMemory request was completed. (0x12B)
[1024/114845.547:ERROR:process_memory_win.cc(73)] ReadMemory at 0x29110718590 of 58 bytes failed: Only part of a ReadProcessMemory or WriteProcessMemory request was completed. (0x12B)
[1024/114845.547:ERROR:process_memory_win.cc(73)] ReadMemory at 0x291107185e0 of 62 bytes failed: Only part of a ReadProcessMemory or WriteProcessMemory request was completed. (0x12B)
[1024/114845.547:ERROR:process_memory_win.cc(73)] ReadMemory at 0x29110718630 of 62 bytes failed: Only part of a ReadProcessMemory or WriteProcessMemory request was completed. (0x12B)
[1024/114845.548:ERROR:process_memory_win.cc(73)] ReadMemory at 0x291107186d0 of 60 bytes failed: Only part of a ReadProcessMemory or WriteProcessMemory request was completed. (0x12B)
[1024/114845.548:ERROR:process_memory_win.cc(73)] ReadMemory at 0x29110718720 of 62 bytes failed: Only part of a ReadProcessMemory or WriteProcessMemory request was completed. (0x12B)
[1024/114845.548:ERROR:process_memory_win.cc(73)] ReadMemory at 0x291107187c0 of 64 bytes failed: Only part of a ReadProcessMemory or WriteProcessMemory request was completed. (0x12B)
[1024/114845.548:ERROR:process_memory_win.cc(73)] ReadMemory at 0x29110718810 of 62 bytes failed: Only part of a ReadProcessMemory or WriteProcessMemory request was completed. (0x12B)
[1024/114845.548:ERROR:process_memory_win.cc(73)] ReadMemory at 0x291107188b0 of 60 bytes failed: Only part of a ReadProcessMemory or WriteProcessMemory request was completed. (0x12B)
[1024/114845.548:ERROR:process_memory_win.cc(73)] ReadMemory at 0x29110718900 of 58 bytes failed: Only part of a ReadProcessMemory or WriteProcessMemory request was completed. (0x12B)
[1024/114845.548:ERROR:process_memory_win.cc(73)] ReadMemory at 0x29110718950 of 66 bytes failed: Only part of a ReadProcessMemory or WriteProcessMemory request was completed. (0x12B)
[1024/114845.548:ERROR:process_memory_win.cc(73)] ReadMemory at 0x291107189f0 of 60 bytes failed: Only part of a ReadProcessMemory or WriteProcessMemory request was completed. (0x12B)
[1024/114845.549:ERROR:process_memory_win.cc(73)] ReadMemory at 0x29110718a40 of 62 bytes failed: Only part of a ReadProcessMemory or WriteProcessMemory request was completed. (0x12B)
[1024/114845.549:ERROR:process_memory_win.cc(73)] ReadMemory at 0x29110718ae0 of 62 bytes failed: Only part of a ReadProcessMemory or WriteProcessMemory request was completed. (0x12B)
[1024/114845.549:ERROR:process_memory_win.cc(73)] ReadMemory at 0x29110718b30 of 64 bytes failed: Only part of a ReadProcessMemory or WriteProcessMemory request was completed. (0x12B)
[1024/114845.549:ERROR:process_memory_win.cc(73)] ReadMemory at 0x29110718bd0 of 64 bytes failed: Only part of a ReadProcessMemory or WriteProcessMemory request was completed. (0x12B)
[1024/114845.549:ERROR:process_memory_win.cc(73)] ReadMemory at 0x29110718c70 of 62 bytes failed: Only part of a ReadProcessMemory or WriteProcessMemory request was completed. (0x12B)
[1024/114845.549:ERROR:process_memory_win.cc(73)] ReadMemory at 0x29110718e00 of 64 bytes failed: Only part of a ReadProcessMemory or WriteProcessMemory request was completed. (0x12B)
[1024/114845.549:ERROR:process_memory_win.cc(73)] ReadMemory at 0x29110718ef0 of 60 bytes failed: Only part of a ReadProcessMemory or WriteProcessMemory request was completed. (0x12B)
[1024/114845.549:ERROR:process_memory_win.cc(73)] ReadMemory at 0x29110718f40 of 64 bytes failed: Only part of a ReadProcessMemory or WriteProcessMemory request was completed. (0x12B)
[1024/114845.549:ERROR:process_memory_win.cc(73)] ReadMemory at 0x29110718fe0 of 66 bytes failed: Only part of a ReadProcessMemory or WriteProcessMemory request was completed. (0x12B)
[1024/114845.549:ERROR:process_memory_win.cc(73)] ReadMemory at 0x29110719030 of 66 bytes failed: Only part of a ReadProcessMemory or WriteProcessMemory request was completed. (0x12B)
[1024/114845.550:ERROR:process_memory_win.cc(73)] ReadMemory at 0x29110719080 of 62 bytes failed: Only part of a ReadProcessMemory or WriteProcessMemory request was completed. (0x12B)
[1024/114845.550:ERROR:process_memory_win.cc(73)] ReadMemory at 0x291107190d0 of 60 bytes failed: Only part of a ReadProcessMemory or WriteProcessMemory request was completed. (0x12B)
[1024/114845.550:ERROR:process_memory_win.cc(73)] ReadMemory at 0x291107196c0 of 76 bytes failed: Only part of a ReadProcessMemory or WriteProcessMemory request was completed. (0x12B)
[1024/114845.550:ERROR:process_memory_win.cc(73)] ReadMemory at 0x2911071ac30 of 158 bytes failed: Only part of a ReadProcessMemory or WriteProcessMemory request was completed. (0x12B)
[1024/114845.550:ERROR:process_memory_win.cc(73)] ReadMemory at 0x2911071c320 of 132 bytes failed: Only part of a ReadProcessMemory or WriteProcessMemory request was completed. (0x12B)
[1024/114845.550:ERROR:process_memory_win.cc(73)] ReadMemory at 0x2911071cf00 of 54 bytes failed: Only part of a ReadProcessMemory or WriteProcessMemory request was completed. (0x12B)
[1024/114845.550:ERROR:process_memory_win.cc(73)] ReadMemory at 0x2911071fee0 of 132 bytes failed: Only part of a ReadProcessMemory or WriteProcessMemory request was completed. (0x12B)
[1024/114845.550:ERROR:process_memory_win.cc(73)] ReadMemory at 0x29110720010 of 132 bytes failed: Only part of a ReadProcessMemory or WriteProcessMemory request was completed. (0x12B)
[1024/114845.550:ERROR:process_memory_win.cc(73)] ReadMemory at 0x29110720140 of 132 bytes failed: Only part of a ReadProcessMemory or WriteProcessMemory request was completed. (0x12B)
[1024/114845.551:ERROR:process_memory_win.cc(73)] ReadMemory at 0x29110720270 of 132 bytes failed: Only part of a ReadProcessMemory or WriteProcessMemory request was completed. (0x12B)
[1024/114845.551:ERROR:process_memory_win.cc(73)] ReadMemory at 0x291107203a0 of 132 bytes failed: Only part of a ReadProcessMemory or WriteProcessMemory request was completed. (0x12B)
[1024/114845.551:ERROR:process_memory_win.cc(73)] ReadMemory at 0x291107204d0 of 132 bytes failed: Only part of a ReadProcessMemory or WriteProcessMemory request was completed. (0x12B)
[1024/114845.551:ERROR:process_memory_win.cc(73)] ReadMemory at 0x29110720730 of 132 bytes failed: Only part of a ReadProcessMemory or WriteProcessMemory request was completed. (0x12B)
[1024/114845.551:ERROR:process_memory_win.cc(73)] ReadMemory at 0x29110720860 of 132 bytes failed: Only part of a ReadProcessMemory or WriteProcessMemory request was completed. (0x12B)
[1024/114845.551:ERROR:process_memory_win.cc(73)] ReadMemory at 0x29110720990 of 132 bytes failed: Only part of a ReadProcessMemory or WriteProcessMemory request was completed. (0x12B)
[1024/114845.551:ERROR:process_memory_win.cc(73)] ReadMemory at 0x29110720ac0 of 132 bytes failed: Only part of a ReadProcessMemory or WriteProcessMemory request was completed. (0x12B)
[1024/114845.551:ERROR:process_memory_win.cc(73)] ReadMemory at 0x29110720bf0 of 132 bytes failed: Only part of a ReadProcessMemory or WriteProcessMemory request was completed. (0x12B)
[1024/114845.551:ERROR:process_memory_win.cc(73)] ReadMemory at 0x29110720d20 of 132 bytes failed: Only part of a ReadProcessMemory or WriteProcessMemory request was completed. (0x12B)
[1024/114845.552:ERROR:process_memory_win.cc(73)] ReadMemory at 0x291107282d0 of 58 bytes failed: Only part of a ReadProcessMemory or WriteProcessMemory request was completed. (0x12B)
[1024/114845.552:ERROR:process_memory_win.cc(73)] ReadMemory at 0x291107285a0 of 58 bytes failed: Only part of a ReadProcessMemory or WriteProcessMemory request was completed. (0x12B)
[1024/114845.552:ERROR:process_memory_win.cc(73)] ReadMemory at 0x2911073c6a0 of 512 bytes failed: Only part of a ReadProcessMemory or WriteProcessMemory request was completed. (0x12B)
[1024/114845.552:ERROR:process_memory_win.cc(73)] ReadMemory at 0x2911073df30 of 544 bytes failed: Only part of a ReadProcessMemory or WriteProcessMemory request was completed. (0x12B)
[1024/114845.552:ERROR:process_memory_win.cc(73)] ReadMemory at 0x29110cf8dd8 of 512 bytes failed: Only part of a ReadProcessMemory or WriteProcessMemory request was completed. (0x12B)
[1024/114845.552:ERROR:process_memory_win.cc(73)] ReadMemory at 0x29110d0c8e0 of 512 bytes failed: Only part of a ReadProcessMemory or WriteProcessMemory request was completed. (0x12B)
[1024/114845.552:ERROR:process_memory_win.cc(73)] ReadMemory at 0x29110d149b8 of 512 bytes failed: Only part of a ReadProcessMemory or WriteProcessMemory request was completed. (0x12B)
[1024/114845.552:ERROR:process_memory_win.cc(73)] ReadMemory at 0x29110d1e890 of 512 bytes failed: Only part of a ReadProcessMemory or WriteProcessMemory request was completed. (0x12B)
[1024/114845.552:ERROR:process_memory_win.cc(73)] ReadMemory at 0x29110d2c7f0 of 712 bytes failed: Only part of a ReadProcessMemory or WriteProcessMemory request was completed. (0x12B)
[1024/114845.553:ERROR:process_memory_win.cc(73)] ReadMemory at 0x29112adc748 of 512 bytes failed: Only part of a ReadProcessMemory or WriteProcessMemory request was completed. (0x12B)
[1024/114845.553:ERROR:process_memory_win.cc(73)] ReadMemory at 0x29112adda68 of 512 bytes failed: Only part of a ReadProcessMemory or WriteProcessMemory request was completed. (0x12B)
[1024/114845.553:ERROR:process_memory_win.cc(73)] ReadMemory at 0x291132f2e60 of 512 bytes failed: Only part of a ReadProcessMemory or WriteProcessMemory request was completed. (0x12B)
[1024/114845.553:ERROR:process_memory_win.cc(73)] ReadMemory at 0x291142fa790 of 512 bytes failed: Only part of a ReadProcessMemory or WriteProcessMemory request was completed. (0x12B)
[1024/114845.553:ERROR:process_memory_win.cc(73)] ReadMemory at 0x29114644898 of 512 bytes failed: Only part of a ReadProcessMemory or WriteProcessMemory request was completed. (0x12B)
[1024/114845.553:ERROR:process_memory_win.cc(73)] ReadMemory at 0x29114b3c660 of 512 bytes failed: Only part of a ReadProcessMemory or WriteProcessMemory request was completed. (0x12B)
[1024/114845.553:ERROR:process_memory_win.cc(73)] ReadMemory at 0x29114f84b70 of 512 bytes failed: Only part of a ReadProcessMemory or WriteProcessMemory request was completed. (0x12B)
[1024/114845.553:ERROR:process_memory_win.cc(73)] ReadMemory at 0x291162ce0d8 of 512 bytes failed: Only part of a ReadProcessMemory or WriteProcessMemory request was completed. (0x12B)
[1024/114845.553:ERROR:process_memory_win.cc(73)] ReadMemory at 0x29117856000 of 448 bytes failed: Only part of a ReadProcessMemory or WriteProcessMemory request was completed. (0x12B)
[1024/114845.553:ERROR:process_memory_win.cc(73)] ReadMemory at 0x29117bd9fc0 of 512 bytes failed: Only part of a ReadProcessMemory or WriteProcessMemory request was completed. (0x12B)
[1024/114845.553:ERROR:process_memory_win.cc(73)] ReadMemory at 0x2911aca4130 of 512 bytes failed: Only part of a ReadProcessMemory or WriteProcessMemory request was completed. (0x12B)
[1024/114845.554:ERROR:process_memory_win.cc(73)] ReadMemory at 0x2911aebe140 of 512 bytes failed: Only part of a ReadProcessMemory or WriteProcessMemory request was completed. (0x12B)
[1024/114845.603:ERROR:scoped_process_suspend.cc(40)] NtResumeProcess: An attempt was made to access an exiting process. (0xc000010a)
